<?xml version="1.0" encoding="utf-8"?><testsuites name="pytest tests"><testsuite name="pytest" errors="0" failures="0" skipped="0" tests="10" time="15.679" timestamp="2026-06-07T23:02:50.899679+00:00" hostname="agent-env-e1c54c09-a696-41fc-bfd6-568e03263230"><testcase classname="tests.test_algo_bot" name="test_root" time="0.275" /><testcase classname="tests.test_algo_bot" name="test_market_indices" time="0.374" /><testcase classname="tests.test_algo_bot" name="test_popular_stocks" time="1.184" /><testcase classname="tests.test_algo_bot" name="test_stock_detail" time="0.179" /><testcase classname="tests.test_algo_bot" name="test_stock_signals" time="0.155" /><testcase classname="tests.test_algo_bot" name="test_signals_top" time="0.810" /><testcase classname="tests.test_algo_bot" name="test_search" time="0.046" /><testcase classname="tests.test_algo_bot" name="test_watchlist_flow" time="0.622" /><testcase classname="tests.test_algo_bot" name="test_reset_then_trade_flow" time="0.496" /><testcase classname="tests.test_algo_bot" name="test_ai_analyze_stream" time="11.465" /></testsuite></testsuites>