<?xml version="1.0" encoding="utf-8"?><testsuites name="pytest tests"><testsuite name="pytest" errors="0" failures="0" skipped="0" tests="18" time="14.271" timestamp="2026-06-07T23:27:52.678593+00:00" hostname="agent-env-e1c54c09-a696-41fc-bfd6-568e03263230"><testcase classname="backend.tests.test_options" name="test_options_strategies" time="0.275" /><testcase classname="backend.tests.test_options" name="test_options_suggest[NIFTY-75]" time="0.403" /><testcase classname="backend.tests.test_options" name="test_options_suggest[SENSEX-20]" time="0.222" /><testcase classname="backend.tests.test_options" name="test_options_suggest[BANKNIFTY-35]" time="0.245" /><testcase classname="backend.tests.test_options" name="test_options_suggest_bad_index" time="0.042" /><testcase classname="backend.tests.test_options" name="test_options_calculate_iron_condor" time="0.045" /><testcase classname="backend.tests.test_options" name="test_options_calculate_long_call" time="0.049" /><testcase classname="backend.tests.test_options" name="test_options_chain_either_outcome" time="1.175" /><testcase classname="backend.tests.test_algo_bot" name="test_root" time="0.140" /><testcase classname="backend.tests.test_algo_bot" name="test_market_indices" time="0.060" /><testcase classname="backend.tests.test_algo_bot" name="test_popular_stocks" time="0.406" /><testcase classname="backend.tests.test_algo_bot" name="test_stock_detail" time="0.234" /><testcase classname="backend.tests.test_algo_bot" name="test_stock_signals" time="0.142" /><testcase classname="backend.tests.test_algo_bot" name="test_signals_top" time="0.561" /><testcase classname="backend.tests.test_algo_bot" name="test_search" time="0.047" /><testcase classname="backend.tests.test_algo_bot" name="test_watchlist_flow" time="1.013" /><testcase classname="backend.tests.test_algo_bot" name="test_reset_then_trade_flow" time="0.606" /><testcase classname="backend.tests.test_algo_bot" name="test_ai_analyze_stream" time="8.519" /></testsuite></testsuites>